2018-06-17 19:14:13,562 INFO: Microblog startup [in E:\Users\Bouny\PycharmProjects\untitled\app\__init__.py:30]
2018-06-17 19:24:52,510 INFO: Microblog startup [in E:\Users\Bouny\PycharmProjects\untitled\app\__init__.py:32]
2018-06-17 19:27:45,300 INFO: Microblog startup [in E:\Users\Bouny\PycharmProjects\untitled\app\__init__.py:32]
2018-06-17 19:27:58,020 INFO: Microblog startup [in E:\Users\Bouny\PycharmProjects\untitled\app\__init__.py:32]
2018-06-17 19:29:59,483 INFO: Microblog startup [in E:\Users\Bouny\PycharmProjects\untitled\app\__init__.py:32]
2018-06-17 19:36:50,367 INFO: Microblog startup [in E:\Users\Bouny\PycharmProjects\untitled\app\__init__.py:32]
2018-06-17 19:42:31,898 INFO: Microblog startup [in E:\Users\Bouny\PycharmProjects\untitled\app\__init__.py:32]
2018-06-17 19:43:34,402 INFO: Microblog startup [in E:\Users\Bouny\PycharmProjects\untitled\app\__init__.py:32]
2018-06-17 19:46:22,298 INFO: Microblog startup [in E:\Users\Bouny\PycharmProjects\untitled\app\__init__.py:32]
2018-06-17 19:46:25,307 ERROR: Exception on /index/ [GET] [in E:\Projects\Pycharm\envs\lib\site-packages\flask\app.py:1761]
Traceback (most recent call last):
  File "E:\Projects\Pycharm\envs\lib\site-packages\flask\app.py", line 2292, in wsgi_app
    response = self.full_dispatch_request()
  File "E:\Projects\Pycharm\envs\lib\site-packages\flask\app.py", line 1815, in full_dispatch_request
    rv = self.handle_user_exception(e)
  File "E:\Projects\Pycharm\envs\lib\site-packages\flask\app.py", line 1718, in handle_user_exception
    reraise(exc_type, exc_value, tb)
  File "E:\Projects\Pycharm\envs\lib\site-packages\flask\_compat.py", line 35, in reraise
    raise value
  File "E:\Projects\Pycharm\envs\lib\site-packages\flask\app.py", line 1813, in full_dispatch_request
    rv = self.dispatch_request()
  File "E:\Projects\Pycharm\envs\lib\site-packages\flask\app.py", line 1799, in dispatch_request
    return self.view_functions[rule.endpoint](**req.view_args)
  File "E:\Users\Bouny\PycharmProjects\untitled\app\routes.py", line 39, in index
    prev_url=prev_url)
  File "E:\Projects\Pycharm\envs\lib\site-packages\flask\templating.py", line 135, in render_template
    context, ctx.app)
  File "E:\Projects\Pycharm\envs\lib\site-packages\flask\templating.py", line 117, in _render
    rv = template.render(context)
  File "E:\Projects\Pycharm\envs\lib\site-packages\jinja2\asyncsupport.py", line 76, in render
    return original_render(self, *args, **kwargs)
  File "E:\Projects\Pycharm\envs\lib\site-packages\jinja2\environment.py", line 1008, in render
    return self.environment.handle_exception(exc_info, True)
  File "E:\Projects\Pycharm\envs\lib\site-packages\jinja2\environment.py", line 780, in handle_exception
    reraise(exc_type, exc_value, tb)
  File "E:\Projects\Pycharm\envs\lib\site-packages\jinja2\_compat.py", line 37, in reraise
    raise value.with_traceback(tb)
  File "E:\Users\Bouny\PycharmProjects\untitled\app\templates\index.html", line 1, in top-level template code
    {% extends "skeleton.html" %}
  File "E:\Users\Bouny\PycharmProjects\untitled\app\templates\skeleton.html", line 1, in top-level template code
    {% extends 'bootstrap/base.html' %}
  File "E:\Projects\Pycharm\envs\lib\site-packages\flask_bootstrap\templates\bootstrap\base.html", line 1, in top-level template code
    {% block doc -%}
  File "E:\Projects\Pycharm\envs\lib\site-packages\flask_bootstrap\templates\bootstrap\base.html", line 4, in block "doc"
    {%- block html %}
  File "E:\Projects\Pycharm\envs\lib\site-packages\flask_bootstrap\templates\bootstrap\base.html", line 20, in block "html"
    {% block body -%}
  File "E:\Projects\Pycharm\envs\lib\site-packages\flask_bootstrap\templates\bootstrap\base.html", line 23, in block "body"
    {% block content -%}
  File "E:\Users\Bouny\PycharmProjects\untitled\app\templates\skeleton.html", line 47, in block "content"
    {% block app_content %}{% endblock %}
  File "E:\Users\Bouny\PycharmProjects\untitled\app\templates\index.html", line 7, in block "app_content"
    {{ wtf.quick_form(form) }}
  File "E:\Projects\Pycharm\envs\lib\site-packages\jinja2\environment.py", line 430, in getattr
    return getattr(obj, attribute)
jinja2.exceptions.UndefinedError: 'wtf' is undefined
2018-06-17 19:46:46,909 INFO: Microblog startup [in E:\Users\Bouny\PycharmProjects\untitled\app\__init__.py:32]
2018-06-17 19:47:05,753 INFO: Microblog startup [in E:\Users\Bouny\PycharmProjects\untitled\app\__init__.py:32]
2018-06-17 19:49:28,957 INFO: Microblog startup [in E:\Users\Bouny\PycharmProjects\untitled\app\__init__.py:32]
2018-06-17 19:53:27,444 INFO: Microblog startup [in E:\Users\Bouny\PycharmProjects\untitled\app\__init__.py:32]
2018-06-17 20:22:39,734 INFO: Microblog startup [in E:\Users\Bouny\PycharmProjects\untitled\app\__init__.py:34]
2018-06-18 22:50:13,589 INFO: Microblog startup [in E:\Users\Bouny\PycharmProjects\untitled\app\__init__.py:36]
2018-06-18 22:51:29,878 INFO: Microblog startup [in E:\Users\Bouny\PycharmProjects\untitled\app\__init__.py:36]
2018-06-18 22:56:25,622 INFO: Microblog startup [in E:\Users\Bouny\PycharmProjects\untitled\app\__init__.py:36]
2018-06-18 23:02:56,829 INFO: Microblog startup [in E:\Users\Bouny\PycharmProjects\untitled\app\__init__.py:37]
2018-06-18 23:31:59,752 INFO: Microblog startup [in E:\Users\Bouny\PycharmProjects\untitled\app\__init__.py:37]
2018-06-18 23:39:38,660 INFO: Microblog startup [in E:\Users\Bouny\PycharmProjects\untitled\app\__init__.py:37]
2018-06-18 23:39:57,110 INFO: Microblog startup [in E:\Users\Bouny\PycharmProjects\untitled\app\__init__.py:37]
2018-06-18 23:41:12,847 INFO: Microblog startup [in E:\Users\Bouny\PycharmProjects\untitled\app\__init__.py:37]
2018-06-18 23:42:36,122 INFO: Microblog startup [in E:\Users\Bouny\PycharmProjects\untitled\app\__init__.py:37]
2018-06-18 23:42:43,202 INFO: Microblog startup [in E:\Users\Bouny\PycharmProjects\untitled\app\__init__.py:37]
2018-06-18 23:42:46,275 INFO: Microblog startup [in E:\Users\Bouny\PycharmProjects\untitled\app\__init__.py:37]
2018-06-18 23:42:55,021 INFO: Microblog startup [in E:\Users\Bouny\PycharmProjects\untitled\app\__init__.py:37]
2018-06-18 23:43:00,324 INFO: Microblog startup [in E:\Users\Bouny\PycharmProjects\untitled\app\__init__.py:37]
2018-06-18 23:43:12,980 INFO: Microblog startup [in E:\Users\Bouny\PycharmProjects\untitled\app\__init__.py:37]
2018-06-18 23:43:31,717 INFO: Microblog startup [in E:\Users\Bouny\PycharmProjects\untitled\app\__init__.py:37]
2018-06-18 23:43:34,965 INFO: Microblog startup [in E:\Users\Bouny\PycharmProjects\untitled\app\__init__.py:37]
2018-06-18 23:44:33,377 INFO: Microblog startup [in E:\Users\Bouny\PycharmProjects\untitled\app\__init__.py:37]
2018-06-18 23:46:01,711 INFO: Microblog startup [in E:\Users\Bouny\PycharmProjects\untitled\app\__init__.py:35]
2018-06-18 23:46:09,013 INFO: Microblog startup [in E:\Users\Bouny\PycharmProjects\untitled\app\__init__.py:35]
2018-06-18 23:46:19,752 INFO: Microblog startup [in E:\Users\Bouny\PycharmProjects\untitled\app\__init__.py:35]
2018-06-18 23:46:25,138 INFO: Microblog startup [in E:\Users\Bouny\PycharmProjects\untitled\app\__init__.py:35]
2018-06-18 23:50:31,429 INFO: Microblog startup [in E:\Users\Bouny\PycharmProjects\untitled\app\__init__.py:35]
2018-06-18 23:54:12,606 INFO: Microblog startup [in E:\Users\Bouny\PycharmProjects\untitled\app\__init__.py:35]
2018-06-18 23:56:32,318 INFO: Microblog startup [in E:\Users\Bouny\PycharmProjects\untitled\app\__init__.py:35]
2018-06-18 23:59:42,000 INFO: Microblog startup [in E:\Users\Bouny\PycharmProjects\untitled\app\__init__.py:35]
2018-06-19 00:01:26,481 INFO: Microblog startup [in E:\Users\Bouny\PycharmProjects\untitled\app\__init__.py:35]
2018-06-19 00:04:23,025 INFO: Microblog startup [in E:\Users\Bouny\PycharmProjects\untitled\app\__init__.py:35]
2018-06-19 00:04:36,607 INFO: Microblog startup [in E:\Users\Bouny\PycharmProjects\untitled\app\__init__.py:35]
2018-06-19 00:07:46,452 INFO: Microblog startup [in E:\Users\Bouny\PycharmProjects\untitled\app\__init__.py:35]
